<?xml version="1.0" encoding="utf-8"?><testsuites name="pytest tests"><testsuite name="pytest" errors="0" failures="0" skipped="0" tests="23" time="21.510" timestamp="2026-07-23T09:00:52.377087+00:00" hostname="agent-env-2bd3c2b2-29ba-491c-9a44-dde7b0f889d6"><testcase classname="backend.tests.test_beside_api.TestHealthAndRoot" name="test_api_root" time="0.285" /><testcase classname="backend.tests.test_beside_api.TestAuthentication" name="test_login_with_test_user" time="0.466" /><testcase classname="backend.tests.test_beside_api.TestAuthentication" name="test_register_with_first_name" time="0.682" /><testcase classname="backend.tests.test_beside_api.TestAuthentication" name="test_login_invalid_credentials" time="0.085" /><testcase classname="backend.tests.test_beside_api.TestAuthentication" name="test_get_current_user_with_token" time="0.441" /><testcase classname="backend.tests.test_beside_api.TestAuthentication" name="test_get_current_user_without_token" time="0.089" /><testcase classname="backend.tests.test_beside_api.TestDashboard" name="test_dashboard_metrics" time="0.406" /><testcase classname="backend.tests.test_beside_api.TestJobs" name="test_create_job" time="0.386" /><testcase classname="backend.tests.test_beside_api.TestJobs" name="test_create_quote_with_link" time="0.410" /><testcase classname="backend.tests.test_beside_api.TestJobs" name="test_get_jobs_list" time="0.421" /><testcase classname="backend.tests.test_beside_api.TestJobs" name="test_get_profitability_analytics" time="0.426" /><testcase classname="backend.tests.test_beside_api.TestPublicQuote" name="test_public_quote_access" time="0.481" /><testcase classname="backend.tests.test_beside_api.TestPublicQuote" name="test_quote_not_found" time="0.096" /><testcase classname="backend.tests.test_beside_api.TestTaxCalculator" name="test_forfettario_15_calculation" time="0.076" /><testcase classname="backend.tests.test_beside_api.TestTaxCalculator" name="test_forfettario_5_calculation" time="0.086" /><testcase classname="backend.tests.test_beside_api.TestTaxCalculator" name="test_ordinario_calculation" time="0.081" /><testcase classname="backend.tests.test_beside_api.TestTaxCalculator" name="test_tax_deadlines" time="0.420" /><testcase classname="backend.tests.test_beside_api.TestMarketing" name="test_lead_sources_stats" time="0.391" /><testcase classname="backend.tests.test_beside_api.TestMarketing" name="test_ai_content_generation_bacino_utenza" time="14.771" /><testcase classname="backend.tests.test_beside_api.TestAdmin" name="test_admin_login" time="0.125" /><testcase classname="backend.tests.test_beside_api.TestAdmin" name="test_admin_get_users" time="0.176" /><testcase classname="backend.tests.test_beside_api.TestAdmin" name="test_admin_get_stats" time="0.163" /><testcase classname="backend.tests.test_beside_api.TestProfile" name="test_update_profile_business_info" time="0.413" /></testsuite></testsuites>